2022-09-09 00:05:48.461  INFO 21592 --- [main] c.x.bank.LoginServiceApplicationTests    : No active profile set, falling back to 1 default profile: "default"
2022-09-09 00:05:52.445  INFO 21592 --- [main] .s.d.r.c.RepositoryConfigurationDelegate : Bootstrapping Spring Data JPA repositories in DEFAULT mode.
2022-09-09 00:05:53.152  INFO 21592 --- [main] .s.d.r.c.RepositoryConfigurationDelegate : Finished Spring Data repository scanning in 669 ms. Found 3 JPA repository interfaces.
2022-09-09 00:05:54.186  INFO 21592 --- [main] o.s.cloud.context.scope.GenericScope     : BeanFactory id=1d5d026f-2910-3f8d-a0e0-bd5f2d946633
2022-09-09 00:05:57.159  INFO 21592 --- [main] o.hibernate.jpa.internal.util.LogHelper  : HHH000204: Processing PersistenceUnitInfo [name: default]
2022-09-09 00:05:57.551  INFO 21592 --- [main] org.hibernate.Version                    : HHH000412: Hibernate ORM core version 5.6.10.Final
2022-09-09 00:05:58.238  INFO 21592 --- [main] o.hibernate.annotations.common.Version   : HCANN000001: Hibernate Commons Annotations {5.1.2.Final}
2022-09-09 00:05:58.895  INFO 21592 --- [main] com.zaxxer.hikari.HikariDataSource       : HikariPool-1 - Starting...
2022-09-09 00:06:00.808  INFO 21592 --- [main] com.zaxxer.hikari.HikariDataSource       : HikariPool-1 - Start completed.
2022-09-09 00:06:00.876  INFO 21592 --- [main] org.hibernate.dialect.Dialect            : HHH000400: Using dialect: org.hibernate.dialect.MySQL5Dialect
2022-09-09 00:06:06.062 DEBUG 21592 --- [main] org.hibernate.SQL                        : 
    
    alter table branch 
       add constraint FKr4j5a7qtoxt5qo1vkegiqk4k0 
       foreign key (address_address_id) 
       references address (address_id)
2022-09-09 00:06:09.361 DEBUG 21592 --- [main] org.hibernate.SQL                        : 
    
    alter table manager 
       add constraint FKdn9j5j224i8no7df81t1cig0q 
       foreign key (address_address_id) 
       references address (address_id)
2022-09-09 00:06:10.086  INFO 21592 --- [main] o.h.e.t.j.p.i.JtaPlatformInitiator       : HHH000490: Using JtaPlatform implementation: [org.hibernate.engine.transaction.jta.platform.internal.NoJtaPlatform]
2022-09-09 00:06:10.142  INFO 21592 --- [main] j.LocalContainerEntityManagerFactoryBean : Initialized JPA EntityManagerFactory for persistence unit 'default'
2022-09-09 00:06:16.002  WARN 21592 --- [main] JpaBaseConfiguration$JpaWebConfiguration : spring.jpa.open-in-view is enabled by default. Therefore, database queries may be performed during view rendering. Explicitly configure spring.jpa.open-in-view to disable this warning
2022-09-09 00:06:27.079  INFO 21592 --- [main] DiscoveryClientOptionalArgsConfiguration : Eureka HTTP Client uses RestTemplate.
2022-09-09 00:06:28.146  WARN 21592 --- [main] iguration$LoadBalancerCaffeineWarnLogger : Spring Cloud LoadBalancer is currently working with the default cache. While this cache implementation is useful for development and tests, it's recommended to use Caffeine cache in production.You can switch to using Caffeine cache, by adding it and org.springframework.cache.caffeine.CaffeineCacheManager to the classpath.
2022-09-09 00:06:28.183  INFO 21592 --- [main] o.s.b.a.e.web.EndpointLinksResolver      : Exposing 1 endpoint(s) beneath base path '/actuator'
2022-09-09 00:06:28.461  INFO 21592 --- [main] o.s.c.n.eureka.InstanceInfoFactory       : Setting initial instance status as: STARTING
2022-09-09 00:06:28.877  INFO 21592 --- [main] com.netflix.discovery.DiscoveryClient    : Initializing Eureka in region us-east-1
2022-09-09 00:06:28.898  INFO 21592 --- [main] c.n.d.s.r.aws.ConfigClusterResolver      : Resolving eureka endpoints via configuration
2022-09-09 00:06:28.995  INFO 21592 --- [main] com.netflix.discovery.DiscoveryClient    : Disable delta property : false
2022-09-09 00:06:28.995  INFO 21592 --- [main] com.netflix.discovery.DiscoveryClient    : Single vip registry refresh property : null
2022-09-09 00:06:28.996  INFO 21592 --- [main] com.netflix.discovery.DiscoveryClient    : Force full registry fetch : false
2022-09-09 00:06:28.997  INFO 21592 --- [main] com.netflix.discovery.DiscoveryClient    : Application is null : false
2022-09-09 00:06:28.997  INFO 21592 --- [main] com.netflix.discovery.DiscoveryClient    : Registered Applications size is zero : true
2022-09-09 00:06:28.998  INFO 21592 --- [main] com.netflix.discovery.DiscoveryClient    : Application version is -1: true
2022-09-09 00:06:28.998  INFO 21592 --- [main] com.netflix.discovery.DiscoveryClient    : Getting all instance registry info from the eureka server
2022-09-09 00:06:29.692  INFO 21592 --- [main] com.netflix.discovery.DiscoveryClient    : The response status is 200
2022-09-09 00:06:29.703  INFO 21592 --- [main] com.netflix.discovery.DiscoveryClient    : Starting heartbeat executor: renew interval is: 30
2022-09-09 00:06:29.716  INFO 21592 --- [main] c.n.discovery.InstanceInfoReplicator     : InstanceInfoReplicator onDemand update allowed rate per min is 4
2022-09-09 00:06:29.737  INFO 21592 --- [main] com.netflix.discovery.DiscoveryClient    : Discovery Client initialized at timestamp 1662662189735 with initial instances count: 1
2022-09-09 00:06:29.756  INFO 21592 --- [main] o.s.c.n.e.s.EurekaServiceRegistry        : Registering application LOGIN-SERVICE with eureka with status UP
2022-09-09 00:06:29.759  INFO 21592 --- [main] com.netflix.discovery.DiscoveryClient    : Saw local status change event StatusChangeEvent [timestamp=1662662189758, current=UP, previous=STARTING]
2022-09-09 00:06:29.765  INFO 21592 --- [DiscoveryClient-InstanceInfoReplicator-0] com.netflix.discovery.DiscoveryClient    : DiscoveryClient_LOGIN-SERVICE/LAPTOP-4Q8N4QA4:login-service:7070: registering service...
2022-09-09 00:06:29.878  INFO 21592 --- [main] c.x.bank.LoginServiceApplicationTests    : Started LoginServiceApplicationTests in 47.558 seconds (JVM running for 56.956)
2022-09-09 00:06:29.902  INFO 21592 --- [DiscoveryClient-InstanceInfoReplicator-0] com.netflix.discovery.DiscoveryClient    : DiscoveryClient_LOGIN-SERVICE/LAPTOP-4Q8N4QA4:login-service:7070 - registration status: 204
2022-09-09 00:06:31.318  INFO 21592 --- [SpringApplicationShutdownHook] o.s.c.n.e.s.EurekaServiceRegistry        : Unregistering application LOGIN-SERVICE with eureka with status DOWN
2022-09-09 00:06:31.319  INFO 21592 --- [SpringApplicationShutdownHook] com.netflix.discovery.DiscoveryClient    : Saw local status change event StatusChangeEvent [timestamp=1662662191319, current=DOWN, previous=UP]
2022-09-09 00:06:31.320  INFO 21592 --- [DiscoveryClient-InstanceInfoReplicator-0] com.netflix.discovery.DiscoveryClient    : DiscoveryClient_LOGIN-SERVICE/LAPTOP-4Q8N4QA4:login-service:7070: registering service...
2022-09-09 00:06:31.334  INFO 21592 --- [DiscoveryClient-InstanceInfoReplicator-0] com.netflix.discovery.DiscoveryClient    : DiscoveryClient_LOGIN-SERVICE/LAPTOP-4Q8N4QA4:login-service:7070 - registration status: 204
2022-09-09 00:06:31.351  INFO 21592 --- [SpringApplicationShutdownHook] j.LocalContainerEntityManagerFactoryBean : Closing JPA EntityManagerFactory for persistence unit 'default'
2022-09-09 00:06:31.391  INFO 21592 --- [SpringApplicationShutdownHook] com.zaxxer.hikari.HikariDataSource       : HikariPool-1 - Shutdown initiated...
2022-09-09 00:06:31.568  INFO 21592 --- [SpringApplicationShutdownHook] com.zaxxer.hikari.HikariDataSource       : HikariPool-1 - Shutdown completed.
2022-09-09 00:06:31.569  INFO 21592 --- [SpringApplicationShutdownHook] com.netflix.discovery.DiscoveryClient    : Shutting down DiscoveryClient ...
2022-09-09 00:06:34.584  INFO 21592 --- [SpringApplicationShutdownHook] com.netflix.discovery.DiscoveryClient    : Unregistering ...
2022-09-09 00:06:34.608  INFO 21592 --- [SpringApplicationShutdownHook] com.netflix.discovery.DiscoveryClient    : DiscoveryClient_LOGIN-SERVICE/LAPTOP-4Q8N4QA4:login-service:7070 - deregister  status: 200
2022-09-09 00:06:34.624  INFO 21592 --- [SpringApplicationShutdownHook] com.netflix.discovery.DiscoveryClient    : Completed shut down of DiscoveryClient
